2020-06-04T17:10:50.139+0800 [DEBUG] [org.gradle.launcher.daemon.bootstrap.DaemonMain] Assuming the daemon was started with following jvm opts: [-Xmx1536m, -Dfile.encoding=UTF-8, -Duser.country=CN, -Duser.language=zh, -Duser.variant]
2020-06-04T17:10:50.470+0800 [INFO] [org.gradle.launcher.daemon.server.Daemon] start() called on daemon - DefaultDaemonContext[uid=8d7bdff5-15f2-425e-a5cf-7932684f5744,javaHome=/private/var/folders/8f/g_3kz2l51dqds4c7s72p28p40000gn/T/AppTranslocation/056EB22A-2093-4F6E-A3F4-9197C3CC91C5/d/Android Studio.app/Contents/jre/jdk/Contents/Home,daemonRegistryDir=/Users/luoyongshun/dm/app/TabViewpagerFragment/daemon,pid=59629,idleTimeout=10800000,priority=NORMAL,daemonOpts=-Xmx1536m,-Dfile.encoding=UTF-8,-Duser.country=CN,-Duser.language=zh,-Duser.variant]
2020-06-04T17:10:50.570+0800 [DEBUG] [org.gradle.internal.remote.internal.inet.InetAddresses] Adding IP addresses for network interface utun0
2020-06-04T17:10:50.571+0800 [DEBUG] [org.gradle.internal.remote.internal.inet.InetAddresses] Is this a loopback interface? false
2020-06-04T17:10:50.571+0800 [DEBUG] [org.gradle.internal.remote.internal.inet.InetAddresses] Adding remote address /fe80:0:0:0:2b02:f455:dd49:e83f%utun0
2020-06-04T17:10:50.572+0800 [DEBUG] [org.gradle.internal.remote.internal.inet.InetAddresses] Adding IP addresses for network interface awdl0
2020-06-04T17:10:50.574+0800 [DEBUG] [org.gradle.internal.remote.internal.inet.InetAddresses] Is this a loopback interface? false
2020-06-04T17:10:50.585+0800 [DEBUG] [org.gradle.internal.remote.internal.inet.InetAddresses] Adding remote address /fe80:0:0:0:c046:cfff:fe5e:fba4%awdl0
2020-06-04T17:10:50.586+0800 [DEBUG] [org.gradle.internal.remote.internal.inet.InetAddresses] Adding IP addresses for network interface en5
2020-06-04T17:10:50.586+0800 [DEBUG] [org.gradle.internal.remote.internal.inet.InetAddresses] Is this a loopback interface? false
2020-06-04T17:10:50.586+0800 [DEBUG] [org.gradle.internal.remote.internal.inet.InetAddresses] Adding remote address /fe80:0:0:0:aede:48ff:fe00:1122%en5
2020-06-04T17:10:50.587+0800 [DEBUG] [org.gradle.internal.remote.internal.inet.InetAddresses] Adding IP addresses for network interface en0
2020-06-04T17:10:50.587+0800 [DEBUG] [org.gradle.internal.remote.internal.inet.InetAddresses] Is this a loopback interface? false
2020-06-04T17:10:50.587+0800 [DEBUG] [org.gradle.internal.remote.internal.inet.InetAddresses] Adding remote address /fe80:0:0:0:1439:6401:78f7:31b6%en0
2020-06-04T17:10:50.588+0800 [DEBUG] [org.gradle.internal.remote.internal.inet.InetAddresses] Adding remote address /192.168.1.26
2020-06-04T17:10:50.588+0800 [DEBUG] [org.gradle.internal.remote.internal.inet.InetAddresses] Adding IP addresses for network interface lo0
2020-06-04T17:10:50.588+0800 [DEBUG] [org.gradle.internal.remote.internal.inet.InetAddresses] Is this a loopback interface? true
2020-06-04T17:10:50.590+0800 [DEBUG] [org.gradle.internal.remote.internal.inet.InetAddresses] Ignoring remote address on loopback interface /fe80:0:0:0:0:0:0:1%lo0
2020-06-04T17:10:50.590+0800 [DEBUG] [org.gradle.internal.remote.internal.inet.InetAddresses] Adding loopback address /0:0:0:0:0:0:0:1%lo0
2020-06-04T17:10:50.591+0800 [DEBUG] [org.gradle.internal.remote.internal.inet.InetAddresses] Adding loopback address /127.0.0.1
2020-06-04T17:10:50.650+0800 [DEBUG] [org.gradle.internal.remote.internal.inet.TcpIncomingConnector] Listening on [af8b22e0-367e-4b7d-82b5-bff7c8ef0c78 port:57717, addresses:[localhost/127.0.0.1]].
2020-06-04T17:10:50.655+0800 [DEBUG] [org.gradle.launcher.daemon.server.Daemon] Daemon starting at: Thu Jun 04 17:10:50 CST 2020, with address: [af8b22e0-367e-4b7d-82b5-bff7c8ef0c78 port:57717, addresses:[localhost/127.0.0.1]]
2020-06-04T17:10:50.655+0800 [INFO] [org.gradle.launcher.daemon.server.DaemonRegistryUpdater] Advertising the daemon address to the clients: [af8b22e0-367e-4b7d-82b5-bff7c8ef0c78 port:57717, addresses:[localhost/127.0.0.1]]
2020-06-04T17:10:50.657+0800 [DEBUG] [org.gradle.launcher.daemon.server.DaemonRegistryUpdater] Advertised daemon context: DefaultDaemonContext[uid=8d7bdff5-15f2-425e-a5cf-7932684f5744,javaHome=/private/var/folders/8f/g_3kz2l51dqds4c7s72p28p40000gn/T/AppTranslocation/056EB22A-2093-4F6E-A3F4-9197C3CC91C5/d/Android Studio.app/Contents/jre/jdk/Contents/Home,daemonRegistryDir=/Users/luoyongshun/dm/app/TabViewpagerFragment/daemon,pid=59629,idleTimeout=10800000,priority=NORMAL,daemonOpts=-Xmx1536m,-Dfile.encoding=UTF-8,-Duser.country=CN,-Duser.language=zh,-Duser.variant]
2020-06-04T17:10:50.669+0800 [DEBUG] [org.gradle.launcher.daemon.registry.PersistentDaemonRegistry] Storing daemon address: [af8b22e0-367e-4b7d-82b5-bff7c8ef0c78 port:57717, addresses:[localhost/127.0.0.1]], context: DefaultDaemonContext[uid=8d7bdff5-15f2-425e-a5cf-7932684f5744,javaHome=/private/var/folders/8f/g_3kz2l51dqds4c7s72p28p40000gn/T/AppTranslocation/056EB22A-2093-4F6E-A3F4-9197C3CC91C5/d/Android Studio.app/Contents/jre/jdk/Contents/Home,daemonRegistryDir=/Users/luoyongshun/dm/app/TabViewpagerFragment/daemon,pid=59629,idleTimeout=10800000,priority=NORMAL,daemonOpts=-Xmx1536m,-Dfile.encoding=UTF-8,-Duser.country=CN,-Duser.language=zh,-Duser.variant]
2020-06-04T17:10:50.708+0800 [DEBUG] [org.gradle.cache.internal.DefaultFileLockManager] Waiting to acquire exclusive lock on daemon addresses registry.
2020-06-04T17:10:50.721+0800 [DEBUG] [org.gradle.cache.internal.DefaultFileLockManager] Lock acquired on daemon addresses registry.
2020-06-04T17:10:50.740+0800 [DEBUG] [org.gradle.cache.internal.DefaultFileLockManager] Releasing lock on daemon addresses registry.
2020-06-04T17:10:50.742+0800 [LIFECYCLE] [org.gradle.launcher.daemon.server.Daemon] Daemon server started.
2020-06-04T17:10:50.754+0800 [DEBUG] [org.gradle.launcher.daemon.bootstrap.DaemonStartupCommunication] Completed writing the daemon greeting. Closing streams...
2020-06-04T17:10:50.762+0800 [DEBUG] [org.gradle.launcher.daemon.server.Daemon] stopOnExpiration() called on daemon
2020-06-04T17:10:50.771+0800 [DEBUG] [org.gradle.internal.remote.internal.inet.TcpIncomingConnector] Accepted connection from /127.0.0.1:57718 to /127.0.0.1:57717.
2020-06-04T17:10:50.797+0800 [DEBUG] [org.gradle.launcher.daemon.server.Daemon] awaitExpiration() called on daemon
2020-06-04T17:10:50.799+0800 [DEBUG] [org.gradle.launcher.daemon.server.DaemonStateCoordinator] daemon is running. Sleeping until state changes.
2020-06-04T17:10:50.881+0800 [DEBUG] [org.gradle.launcher.daemon.server.SynchronizedDispatchConnection] thread 15: received class org.gradle.launcher.daemon.protocol.Build
2020-06-04T17:10:50.882+0800 [DEBUG] [org.gradle.launcher.daemon.server.DefaultDaemonConnection] thread 15: Received non-IO message from client: Build{id=01c7383a-350e-45bd-a529-757258af4089, currentDir=/Users/luoyongshun/dm/app/NewsApp/android}
2020-06-04T17:10:50.882+0800 [INFO] [org.gradle.launcher.daemon.server.DefaultIncomingConnectionHandler] Received command: Build{id=01c7383a-350e-45bd-a529-757258af4089, currentDir=/Users/luoyongshun/dm/app/NewsApp/android}.
2020-06-04T17:10:50.883+0800 [DEBUG] [org.gradle.launcher.daemon.server.DefaultIncomingConnectionHandler] Starting executing command: Build{id=01c7383a-350e-45bd-a529-757258af4089, currentDir=/Users/luoyongshun/dm/app/NewsApp/android} with connection: socket connection from /127.0.0.1:57717 to /127.0.0.1:57718.
2020-06-04T17:10:50.886+0800 [ERROR] [org.gradle.launcher.daemon.server.DaemonStateCoordinator] Command execution: started DaemonCommandExecution[command = Build{id=01c7383a-350e-45bd-a529-757258af4089, currentDir=/Users/luoyongshun/dm/app/NewsApp/android}, connection = DefaultDaemonConnection: socket connection from /127.0.0.1:57717 to /127.0.0.1:57718] after 0.0 minutes of idle
2020-06-04T17:10:50.886+0800 [INFO] [org.gradle.launcher.daemon.server.DaemonRegistryUpdater] Marking the daemon as busy, address: [af8b22e0-367e-4b7d-82b5-bff7c8ef0c78 port:57717, addresses:[localhost/127.0.0.1]]
2020-06-04T17:10:50.886+0800 [DEBUG] [org.gradle.launcher.daemon.registry.PersistentDaemonRegistry] Marking busy by address: [af8b22e0-367e-4b7d-82b5-bff7c8ef0c78 port:57717, addresses:[localhost/127.0.0.1]]
2020-06-04T17:10:50.887+0800 [DEBUG] [org.gradle.cache.internal.DefaultFileLockManager] Waiting to acquire exclusive lock on daemon addresses registry.
2020-06-04T17:10:50.888+0800 [DEBUG] [org.gradle.cache.internal.DefaultFileLockManager] Lock acquired on daemon addresses registry.
2020-06-04T17:10:50.890+0800 [DEBUG] [org.gradle.cache.internal.DefaultFileLockManager] Releasing lock on daemon addresses registry.
2020-06-04T17:10:50.890+0800 [DEBUG] [org.gradle.launcher.daemon.server.DaemonStateCoordinator] resetting idle timer
2020-06-04T17:10:50.892+0800 [INFO] [org.gradle.launcher.daemon.server.exec.StartBuildOrRespondWithBusy] Daemon is about to start building Build{id=01c7383a-350e-45bd-a529-757258af4089, currentDir=/Users/luoyongshun/dm/app/NewsApp/android}. Dispatching build started information...
2020-06-04T17:10:50.892+0800 [DEBUG] [org.gradle.launcher.daemon.server.SynchronizedDispatchConnection] thread 18: dispatching org.gradle.launcher.daemon.protocol.BuildStarted@7e1d0cc9
2020-06-04T17:10:50.895+0800 [DEBUG] [org.gradle.launcher.daemon.server.exec.EstablishBuildEnvironment] Configuring env variables: {PATH=/Users/luoyongshun/anaconda3/bin:/Users/luoyongshun/anaconda3/condabin:.:/usr/local/bin:/usr/bin:/bin:/usr/sbin:/sbin:/usr/local/go/bin:/Library/Frameworks/Mono.framework/Versions/Current/Commands:/Library/Java/JavaVirtualMachines/jdk1.8.0_221.jdk/Contents/Home/bin:/usr/local/scala/bin:/Users/luoyongshun/Downloads/下载的文件/开发语言/java/apache-maven/bin:/usr/local/mysql/bin:/Library/Java/JavaVirtualMachines/jdk1.8.0_221.jdk/Contents/Home/bin:/usr/local/go/bin:/System/Library/Frameworks/Python.framework/Versions/2.7/bin:/Users/luoyongshun/Downloads/下载的文件/开发语言/flutter/flutter/bin/cache/dart-sdk/bin:/Users/luoyongshun/Downloads/下载的文件/开发语言/flutter/flutter/bin:/Users/luoyongshun/Library/Android/sdk/tools:/Users/luoyongshun/Library/Android/sdk/platform-tools:/Users/luoyongshun/Downloads/下载的文件/开发语言/java/apache-maven/bin:/Users/luoyongshun/Downloads/下载的文件/开发语言/flutter/flutter/.pub-cache/bin:/Users/luoyongshun/tools/gradle-4.9/bin:/Users/luoyongshun/tools/apache-tomcat-9.0.10/bin:/Users/luoyongshun/anaconda3/bin:/Users/luoyongshun/anaconda3/condabin:.:/usr/local/bin:/usr/bin:/bin:/usr/sbin:/sbin:/usr/local/go/bin:/Library/Frameworks/Mono.framework/Versions/Current/Commands:/Library/Java/JavaVirtualMachines/jdk1.8.0_221.jdk/Contents/Home/bin:/usr/local/scala/bin, CXX=x86_64-apple-darwin13.4.0-clang++, CONDA_DEFAULT_ENV=base, HOST=x86_64-apple-darwin13.4.0, CONDA_PYTHON_EXE=/Users/luoyongshun/anaconda3/bin/python, PUB_HOSTED_URL=https://pub.flutter-io.cn, LDFLAGS=-Wl,-pie -Wl,-headerpad_max_install_names -Wl,-dead_strip_dylibs, ANDROID_HOME=/Users/luoyongshun/Library/Android/sdk, FFLAGS=-march=nocona -mtune=core2 -ftree-vectorize -fPIC -fstack-protector -O2 -pipe, CONDA_PREFIX=/Users/luoyongshun/anaconda3, MAVEN_HOME=/Users/luoyongshun/Downloads/下载的文件/开发语言/java/apache-maven, _CONDA_PYTHON_SYSCONFIGDATA_NAME=_sysconfigdata_x86_64_apple_darwin13_4_0, REDO_PREBINDING=/Users/luoyongshun/anaconda3/bin/x86_64-apple-darwin13.4.0-redo_prebinding, CONDA_BACKUP_HOST=x86_64-apple-darwin13.4.0, LOGNAME=luoyongshun, TOMCAT_HOME=/Users/luoyongshun/tools/apache-tomcat-9.0.10, CHECKSYMS=/Users/luoyongshun/anaconda3/bin/x86_64-apple-darwin13.4.0-checksyms, CONDA_BACKUP_JAVA_HOME=/Library/Java/JavaVirtualMachines/jdk1.8.0_221.jdk/Contents/Home/, LIPO=/Users/luoyongshun/anaconda3/bin/x86_64-apple-darwin13.4.0-lipo, DEBUG_CFLAGS=-march=core2 -mtune=haswell -mssse3 -ftree-vectorize -fPIC -fPIE -fstack-protector-strong -O2 -pipe -Og -g -Wall -Wextra, SHELL=/bin/bash, RANLIB=/Users/luoyongshun/anaconda3/bin/x86_64-apple-darwin13.4.0-ranlib, DEBUG_CXXFLAGS=-march=core2 -mtune=haswell -mssse3 -ftree-vectorize -fPIC -fPIE -fstack-protector-strong -O2 -pipe -stdlib=libc++ -fvisibility-inlines-hidden -std=c++14 -fmessage-length=0 -Og -g -Wall -Wextra, CPPFLAGS=-D_FORTIFY_SOURCE=2 -mmacosx-version-min=10.9, F77=/Users/luoyongshun/anaconda3/bin/x86_64-apple-darwin13.4.0-gfortran, SIZE=/Users/luoyongshun/anaconda3/bin/x86_64-apple-darwin13.4.0-size, LDFLAGS_LD=-pie -headerpad_max_install_names -dead_strip_dylibs, GOPATH=/Users/luoyongshun/go, PYTHON_HOME=/System/Library/Frameworks/Python.framework/Versions/2.7, TMPDIR=/var/folders/8f/g_3kz2l51dqds4c7s72p28p40000gn/T/, AR=/Users/luoyongshun/anaconda3/bin/x86_64-apple-darwin13.4.0-ar, AS=/Users/luoyongshun/anaconda3/bin/x86_64-apple-darwin13.4.0-as, XPC_FLAGS=0x0, SEG_ADDR_TABLE=/Users/luoyongshun/anaconda3/bin/x86_64-apple-darwin13.4.0-seg_addr_table, CONDA_BACKUP_JAVA_LD_LIBRARY_PATH=, M2_HOME=/Users/luoyongshun/Downloads/下载的文件/开发语言/java/apache-maven, __CF_USER_TEXT_ENCODING=0x1F5:0x19:0x34, Apple_PubSub_Socket_Render=/private/tmp/com.apple.launchd.qOXWK3131h/Render, CONDA_PROMPT_MODIFIER=(base) , FLUTTER_STORAGE_BASE_URL=https://storage.flutter-io.cn, LC_CTYPE=UTF-8, DEBUG_FFLAGS=-march=nocona -mtune=core2 -ftree-vectorize -fPIC -fstack-protector -O2 -pipe -march=nocona -mtune=core2 -ftree-vectorize -fPIC -fstack-protector -O2 -pipe -Og -g -Wall -Wextra -fcheck=all -fbacktrace -fimplicit-none -fvar-tracking-assignments, FC=/Users/luoyongshun/anaconda3/bin/x86_64-apple-darwin13.4.0-gfortran, NMEDIT=/Users/luoyongshun/anaconda3/bin/x86_64-apple-darwin13.4.0-nmedit, NM=/Users/luoyongshun/anaconda3/bin/x86_64-apple-darwin13.4.0-nm, CODESIGN_ALLOCATE=/Users/luoyongshun/anaconda3/bin/x86_64-apple-darwin13.4.0-codesign_allocate, STRINGS=/Users/luoyongshun/anaconda3/bin/x86_64-apple-darwin13.4.0-strings, STRIP=/Users/luoyongshun/anaconda3/bin/x86_64-apple-darwin13.4.0-strip, PAGESTUFF=/Users/luoyongshun/anaconda3/bin/x86_64-apple-darwin13.4.0-pagestuff, CONDA_EXE=/Users/luoyongshun/anaconda3/bin/conda, JAVA_HOME=/Library/Java/JavaVirtualMachines/jdk1.8.0_221.jdk/Contents/Home, LIBTOOL=/Users/luoyongshun/anaconda3/bin/x86_64-apple-darwin13.4.0-libtool, FLUTTER_HOME=/Users/luoyongshun/Downloads/下载的文件/开发语言/flutter/flutter, GFORTRAN=/Users/luoyongshun/anaconda3/bin/x86_64-apple-darwin13.4.0-gfortran, COMMAND_MODE=unix2003, GRADLE_HOME=/Users/luoyongshun/tools/gradle-4.9, INSTALL_NAME_TOOL=/Users/luoyongshun/anaconda3/bin/x86_64-apple-darwin13.4.0-install_name_tool, INDR=/Users/luoyongshun/anaconda3/bin/x86_64-apple-darwin13.4.0-indr, SEGEDIT=/Users/luoyongshun/anaconda3/bin/x86_64-apple-darwin13.4.0-segedit, DART_HOME=/Users/luoyongshun/Downloads/下载的文件/开发语言/flutter/flutter/bin/cache/dart-sdk, _CE_M=, CFLAGS=-march=core2 -mtune=haswell -mssse3 -ftree-vectorize -fPIC -fPIE -fstack-protector-strong -O2 -pipe, CLANGXX=/Users/luoyongshun/anaconda3/bin/x86_64-apple-darwin13.4.0-clang++, XPC_SERVICE_NAME=com.apple.xpc.launchd.oneshot.0x1000000b.studio, CONDA_BUILD_SYSROOT=/Applications/Xcode.app/Contents/Developer/Platforms/MacOSX.platform/Developer/SDKs/MacOSX.sdk, F90=/Users/luoyongshun/anaconda3/bin/x86_64-apple-darwin13.4.0-gfortran, FORTRANFLAGS=-march=nocona -mtune=core2 -ftree-vectorize -fPIC -fstack-protector -O2 -pipe, CONDA_SHLVL=1, CC=x86_64-apple-darwin13.4.0-clang, PENTAHO_JAVA_HOME=/Library/Java/JavaVirtualMachines/jdk1.8.0_221.jdk/Contents/Home, CLANG=/Users/luoyongshun/anaconda3/bin/x86_64-apple-darwin13.4.0-clang, F95=/Users/luoyongshun/anaconda3/bin/x86_64-apple-darwin13.4.0-gfortran, JAVA_LD_LIBRARY_PATH=/Users/luoyongshun/anaconda3/jre/lib/server, OTOOL=/Users/luoyongshun/anaconda3/bin/x86_64-apple-darwin13.4.0-otool, USER=luoyongshun, GOROOT=/usr/local/go, CLASSPATH=.:/Library/Java/JavaVirtualMachines/jdk1.8.0_221.jdk/Contents/Home/lib/dt.jar:/Library/Java/JavaVirtualMachines/jdk1.8.0_221.jdk/Contents/Home/lib/tools.jar, DEBUG_FORTRANFLAGS=-march=nocona -mtune=core2 -ftree-vectorize -fPIC -fstack-protector -O2 -pipe -march=nocona -mtune=core2 -ftree-vectorize -fPIC -fstack-protector -O2 -pipe -Og -g -Wall -Wextra -fcheck=all -fbacktrace -fimplicit-none -fvar-tracking-assignments, SSH_AUTH_SOCK=/private/tmp/com.apple.launchd.pniNA1QEip/Listeners, _CE_CONDA=, LD=/Users/luoyongshun/anaconda3/bin/x86_64-apple-darwin13.4.0-ld, HOME=/Users/luoyongshun, CXXFLAGS=-march=core2 -mtune=haswell -mssse3 -ftree-vectorize -fPIC -fPIE -fstack-protector-strong -O2 -pipe -stdlib=libc++ -fvisibility-inlines-hidden -std=c++14 -fmessage-length=0, FLUTTER_WEB_HOME=/Users/luoyongshun/Downloads/下载的文件/开发语言/flutter/flutter/.pub-cache, SEG_HACK=/Users/luoyongshun/anaconda3/bin/x86_64-apple-darwin13.4.0-seg_hack}
2020-06-04T17:10:50.905+0800 [DEBUG] [org.gradle.launcher.daemon.server.exec.LogToClient] About to start relaying all logs to the client via the connection.
2020-06-04T17:10:50.905+0800 [INFO] [org.gradle.launcher.daemon.server.exec.LogToClient] The client will now receive all logging from the daemon (pid: 59629). The daemon log file: /Users/luoyongshun/dm/app/TabViewpagerFragment/daemon/6.1.1/daemon-59629.out.log
2020-06-04T17:10:50.908+0800 [INFO] [org.gradle.launcher.daemon.server.exec.LogAndCheckHealth] Starting build in new daemon [memory: 1.4 GB]
2020-06-04T17:10:50.918+0800 [DEBUG] [org.gradle.launcher.daemon.server.exec.ExecuteBuild] The daemon has started executing the build.
2020-06-04T17:10:50.920+0800 [DEBUG] [org.gradle.launcher.daemon.server.exec.ExecuteBuild] Executing build with daemon context: DefaultDaemonContext[uid=8d7bdff5-15f2-425e-a5cf-7932684f5744,javaHome=/private/var/folders/8f/g_3kz2l51dqds4c7s72p28p40000gn/T/AppTranslocation/056EB22A-2093-4F6E-A3F4-9197C3CC91C5/d/Android Studio.app/Contents/jre/jdk/Contents/Home,daemonRegistryDir=/Users/luoyongshun/dm/app/TabViewpagerFragment/daemon,pid=59629,idleTimeout=10800000,priority=NORMAL,daemonOpts=-Xmx1536m,-Dfile.encoding=UTF-8,-Duser.country=CN,-Duser.language=zh,-Duser.variant]
WARNING: The option setting 'android.enableR8=true' is deprecated.
It will be removed in version 5.0 of the Android Gradle plugin.
You will no longer be able to disable R8
         *********************************************************
WARNING: This version of flutter_webview_plugin will break your Android build if it or its dependencies aren't compatible with AndroidX.
         See https://goo.gl/CP92wY for more information on the problem and how to fix it.
         This warning prints for all Android build failures. The real root cause of the error may be unrelated.
         *********************************************************

FAILURE: Build failed with an exception.

* What went wrong:
The Android Gradle plugin supports only Kotlin Gradle plugin version 1.3.10 and higher.
The following dependencies do not satisfy the required version:
project ':barcode_scan' -> org.jetbrains.kotlin:kotlin-gradle-plugin:1.2.51

* Try:
Run with --stacktrace option to get the stack trace. Run with --info or --debug option to get more log output. Run with --scan to get full insights.

* Get more help at https://help.gradle.org

Deprecated Gradle features were used in this build, making it incompatible with Gradle 7.0.
Use '--warning-mode all' to show the individual deprecation warnings.
See https://docs.gradle.org/6.1.1/userguide/command_line_interface.html#sec:command_line_warnings

BUILD FAILED in 43s
2020-06-04T17:11:30.702+0800 [DEBUG] [org.gradle.launcher.daemon.server.exec.ExecuteBuild] The daemon has finished executing the build.
2020-06-04T17:11:30.711+0800 [DEBUG] [org.gradle.launcher.daemon.server.DaemonStateCoordinator] Command execution: finished waiting for DaemonCommandExecution[command = Build{id=01c7383a-350e-45bd-a529-757258af4089, currentDir=/Users/luoyongshun/dm/app/NewsApp/android}, connection = DefaultDaemonConnection: socket connection from /127.0.0.1:57717 to /127.0.0.1:57718]. Result org.gradle.launcher.daemon.server.DaemonStateCoordinator@120d83fa with state Busy
2020-06-04T17:11:30.712+0800 [DEBUG] [org.gradle.launcher.daemon.server.DaemonStateCoordinator] Command execution: completed DaemonCommandExecution[command = Build{id=01c7383a-350e-45bd-a529-757258af4089, currentDir=/Users/luoyongshun/dm/app/NewsApp/android}, connection = DefaultDaemonConnection: socket connection from /127.0.0.1:57717 to /127.0.0.1:57718]
2020-06-04T17:11:30.713+0800 [DEBUG] [org.gradle.launcher.daemon.server.DaemonStateCoordinator] resetting idle timer
2020-06-04T17:11:30.714+0800 [INFO] [org.gradle.launcher.daemon.server.DaemonRegistryUpdater] Marking the daemon as idle, address: [af8b22e0-367e-4b7d-82b5-bff7c8ef0c78 port:57717, addresses:[localhost/127.0.0.1]]
2020-06-04T17:11:30.714+0800 [DEBUG] [org.gradle.launcher.daemon.registry.PersistentDaemonRegistry] Marking busy by address: [af8b22e0-367e-4b7d-82b5-bff7c8ef0c78 port:57717, addresses:[localhost/127.0.0.1]]
2020-06-04T17:11:30.715+0800 [DEBUG] [org.gradle.cache.internal.DefaultFileLockManager] Waiting to acquire exclusive lock on daemon addresses registry.
2020-06-04T17:11:30.715+0800 [DEBUG] [org.gradle.cache.internal.DefaultFileLockManager] Lock acquired on daemon addresses registry.
2020-06-04T17:11:30.717+0800 [DEBUG] [org.gradle.cache.internal.DefaultFileLockManager] Releasing lock on daemon addresses registry.
2020-06-04T17:11:30.717+0800 [DEBUG] [org.gradle.launcher.daemon.server.DaemonStateCoordinator] daemon is running. Sleeping until state changes.
2020-06-04T17:11:30.717+0800 [DEBUG] [org.gradle.launcher.daemon.server.exec.ReturnResult] Daemon is dispatching the build result: Success[value=org.gradle.launcher.exec.BuildActionResult@5814f908]
2020-06-04T17:11:30.718+0800 [DEBUG] [org.gradle.launcher.daemon.server.SynchronizedDispatchConnection] thread 14: dispatching Success[value=org.gradle.launcher.exec.BuildActionResult@5814f908]
2020-06-04T17:11:30.798+0800 [DEBUG] [org.gradle.cache.internal.DefaultFileLockManager] Waiting to acquire shared lock on daemon addresses registry.
2020-06-04T17:11:30.817+0800 [DEBUG] [org.gradle.cache.internal.DefaultFileLockManager] Lock acquired on daemon addresses registry.
2020-06-04T17:11:30.818+0800 [DEBUG] [org.gradle.cache.internal.DefaultFileLockManager] Releasing lock on daemon addresses registry.
2020-06-04T17:11:30.819+0800 [DEBUG] [org.gradle.cache.internal.DefaultFileLockManager] Waiting to acquire shared lock on daemon addresses registry.
2020-06-04T17:11:30.819+0800 [DEBUG] [org.gradle.cache.internal.DefaultFileLockManager] Lock acquired on daemon addresses registry.
2020-06-04T17:11:30.819+0800 [DEBUG] [org.gradle.cache.internal.DefaultFileLockManager] Releasing lock on daemon addresses registry.
2020-06-04T17:11:30.808+0800 [DEBUG] [org.gradle.launcher.daemon.server.DefaultIncomingConnectionHandler] Finishing executing command: Build{id=01c7383a-350e-45bd-a529-757258af4089, currentDir=/Users/luoyongshun/dm/app/NewsApp/android}
2020-06-04T17:11:30.834+0800 [DEBUG] [org.gradle.launcher.daemon.server.SynchronizedDispatchConnection] thread 15: received class org.gradle.launcher.daemon.protocol.CloseInput
2020-06-04T17:11:30.834+0800 [DEBUG] [org.gradle.launcher.daemon.server.DefaultDaemonConnection] thread 15: Received IO message from client: org.gradle.launcher.daemon.protocol.CloseInput@291b125c
2020-06-04T17:11:30.852+0800 [DEBUG] [org.gradle.launcher.daemon.server.SynchronizedDispatchConnection] thread 15: received class org.gradle.launcher.daemon.protocol.Finished
2020-06-04T17:11:30.853+0800 [DEBUG] [org.gradle.launcher.daemon.server.DefaultDaemonConnection] thread 15: Received non-IO message from client: org.gradle.launcher.daemon.protocol.Finished@6a9f9858
2020-06-04T17:11:30.853+0800 [DEBUG] [org.gradle.launcher.daemon.server.DefaultIncomingConnectionHandler] Received finished message: org.gradle.launcher.daemon.protocol.Finished@6a9f9858
2020-06-04T17:11:30.853+0800 [DEBUG] [org.gradle.launcher.daemon.server.SynchronizedDispatchConnection] thread 14: stopping connection
2020-06-04T17:11:30.854+0800 [DEBUG] [org.gradle.internal.remote.internal.inet.SocketConnection] Discarding EOFException: java.io.EOFException
2020-06-04T17:11:30.855+0800 [DEBUG] [org.gradle.launcher.daemon.server.SynchronizedDispatchConnection] thread 15: received null
2020-06-04T17:11:30.855+0800 [DEBUG] [org.gradle.launcher.daemon.server.DefaultDaemonConnection] thread 15: Received end-of-input from client.
2020-06-04T17:11:30.858+0800 [DEBUG] [org.gradle.launcher.daemon.server.SynchronizedDispatchConnection] thread 14: stopping connection
2020-06-04T17:11:30.996+0800 [DEBUG] [org.gradle.cache.internal.LockOnDemandCrossProcessCacheAccess] Lock on artifact cache (/Users/luoyongshun/dm/app/TabViewpagerFragment/caches/modules-2) requested by another process - releasing lock.
2020-06-04T17:11:30.998+0800 [DEBUG] [org.gradle.cache.internal.LockOnDemandCrossProcessCacheAccess] Releasing file lock for artifact cache (/Users/luoyongshun/dm/app/TabViewpagerFragment/caches/modules-2)
2020-06-04T17:11:31.000+0800 [DEBUG] [org.gradle.cache.internal.btree.BTreePersistentIndexedCache] Closing cache module-metadata.bin (/Users/luoyongshun/dm/app/TabViewpagerFragment/caches/modules-2/metadata-2.95/module-metadata.bin)
2020-06-04T17:11:31.001+0800 [DEBUG] [org.gradle.cache.internal.btree.BTreePersistentIndexedCache] Closing cache module-artifact.bin (/Users/luoyongshun/dm/app/TabViewpagerFragment/caches/modules-2/metadata-2.95/module-artifact.bin)
2020-06-04T17:11:31.001+0800 [DEBUG] [org.gradle.cache.internal.DefaultFileLockManager] Releasing lock on artifact cache (/Users/luoyongshun/dm/app/TabViewpagerFragment/caches/modules-2).
2020-06-04T17:11:31.005+0800 [DEBUG] [org.gradle.cache.internal.locklistener.FileLockCommunicator] Confirming lock release to Gradle process at port 57678 for lock with id -5551874214212442634.
2020-06-04T17:11:31.005+0800 [DEBUG] [org.gradle.cache.internal.locklistener.FileLockCommunicator] Confirming lock release to Gradle process at port 57678 for lock with id -5551874214212442634.
2020-06-04T17:11:31.289+0800 [DEBUG] [org.gradle.cache.internal.LockOnDemandCrossProcessCacheAccess] Lock on journal cache (/Users/luoyongshun/dm/app/TabViewpagerFragment/caches/journal-1) requested by another process - releasing lock.
2020-06-04T17:11:31.289+0800 [DEBUG] [org.gradle.cache.internal.LockOnDemandCrossProcessCacheAccess] Releasing file lock for journal cache (/Users/luoyongshun/dm/app/TabViewpagerFragment/caches/journal-1)
2020-06-04T17:11:31.289+0800 [DEBUG] [org.gradle.cache.internal.btree.BTreePersistentIndexedCache] Closing cache file-access.bin (/Users/luoyongshun/dm/app/TabViewpagerFragment/caches/journal-1/file-access.bin)
2020-06-04T17:11:31.290+0800 [DEBUG] [org.gradle.cache.internal.DefaultFileLockManager] Releasing lock on journal cache (/Users/luoyongshun/dm/app/TabViewpagerFragment/caches/journal-1).
2020-06-04T17:11:31.292+0800 [DEBUG] [org.gradle.cache.internal.locklistener.FileLockCommunicator] Confirming lock release to Gradle process at port 57678 for lock with id 4340424541301296322.
2020-06-04T17:11:31.292+0800 [DEBUG] [org.gradle.cache.internal.locklistener.FileLockCommunicator] Confirming lock release to Gradle process at port 57678 for lock with id 4340424541301296322.
2020-06-04T17:11:31.343+0800 [DEBUG] [org.gradle.cache.internal.LockOnDemandCrossProcessCacheAccess] Lock on file hash cache (/Users/luoyongshun/dm/app/TabViewpagerFragment/caches/6.1.1/fileHashes) requested by another process - releasing lock.
2020-06-04T17:11:31.343+0800 [DEBUG] [org.gradle.cache.internal.LockOnDemandCrossProcessCacheAccess] Releasing file lock for file hash cache (/Users/luoyongshun/dm/app/TabViewpagerFragment/caches/6.1.1/fileHashes)
2020-06-04T17:11:31.344+0800 [DEBUG] [org.gradle.cache.internal.btree.BTreePersistentIndexedCache] Closing cache fileHashes.bin (/Users/luoyongshun/dm/app/TabViewpagerFragment/caches/6.1.1/fileHashes/fileHashes.bin)
2020-06-04T17:11:31.344+0800 [DEBUG] [org.gradle.cache.internal.btree.BTreePersistentIndexedCache] Closing cache resourceHashesCache.bin (/Users/luoyongshun/dm/app/TabViewpagerFragment/caches/6.1.1/fileHashes/resourceHashesCache.bin)
2020-06-04T17:11:31.344+0800 [DEBUG] [org.gradle.cache.internal.DefaultFileLockManager] Releasing lock on file hash cache (/Users/luoyongshun/dm/app/TabViewpagerFragment/caches/6.1.1/fileHashes).
2020-06-04T17:11:31.347+0800 [DEBUG] [org.gradle.cache.internal.locklistener.FileLockCommunicator] Confirming lock release to Gradle process at port 57678 for lock with id -8508289497975799139.
2020-06-04T17:11:31.348+0800 [DEBUG] [org.gradle.cache.internal.locklistener.FileLockCommunicator] Confirming lock release to Gradle process at port 57678 for lock with id -8508289497975799139.
2020-06-04T17:11:40.803+0800 [DEBUG] [org.gradle.cache.internal.DefaultFileLockManager] Waiting to acquire shared lock on daemon addresses registry.
2020-06-04T17:11:40.803+0800 [DEBUG] [org.gradle.cache.internal.DefaultFileLockManager] Lock acquired on daemon addresses registry.
2020-06-04T17:11:40.804+0800 [DEBUG] [org.gradle.cache.internal.DefaultFileLockManager] Releasing lock on daemon addresses registry.
2020-06-04T17:11:40.804+0800 [DEBUG] [org.gradle.cache.internal.DefaultFileLockManager] Waiting to acquire shared lock on daemon addresses registry.
2020-06-04T17:11:40.805+0800 [DEBUG] [org.gradle.cache.internal.DefaultFileLockManager] Lock acquired on daemon addresses registry.
2020-06-04T17:11:40.805+0800 [DEBUG] [org.gradle.cache.internal.DefaultFileLockManager] Releasing lock on daemon addresses registry.
2020-06-04T17:11:40.806+0800 [DEBUG] [org.gradle.cache.internal.DefaultFileLockManager] Waiting to acquire shared lock on daemon addresses registry.
2020-06-04T17:11:40.806+0800 [DEBUG] [org.gradle.cache.internal.DefaultFileLockManager] Lock acquired on daemon addresses registry.
2020-06-04T17:11:40.806+0800 [DEBUG] [org.gradle.cache.internal.DefaultFileLockManager] Releasing lock on daemon addresses registry.
2020-06-04T17:11:40.806+0800 [DEBUG] [org.gradle.cache.internal.DefaultFileLockManager] Waiting to acquire shared lock on daemon addresses registry.
2020-06-04T17:11:40.807+0800 [DEBUG] [org.gradle.cache.internal.DefaultFileLockManager] Lock acquired on daemon addresses registry.
2020-06-04T17:11:40.807+0800 [DEBUG] [org.gradle.cache.internal.DefaultFileLockManager] Releasing lock on daemon addresses registry.
2020-06-04T17:11:40.807+0800 [DEBUG] [org.gradle.launcher.daemon.server.DaemonRegistryUpdater] Storing daemon stop event: other compatible daemons were started and after being idle for 0 minutes and not recently used
2020-06-04T17:11:40.808+0800 [DEBUG] [org.gradle.launcher.daemon.registry.PersistentDaemonRegistry] Storing daemon stop event with timestamp 1591261900808
2020-06-04T17:11:40.808+0800 [DEBUG] [org.gradle.cache.internal.DefaultFileLockManager] Waiting to acquire exclusive lock on daemon addresses registry.
2020-06-04T17:11:40.808+0800 [DEBUG] [org.gradle.cache.internal.DefaultFileLockManager] Lock acquired on daemon addresses registry.
2020-06-04T17:11:40.809+0800 [DEBUG] [org.gradle.cache.internal.DefaultFileLockManager] Releasing lock on daemon addresses registry.
2020-06-04T17:11:40.810+0800 [LIFECYCLE] [org.gradle.launcher.daemon.server.DaemonStateCoordinator] Daemon will be stopped at the end of the build other compatible daemons were started and after being idle for 0 minutes and not recently used
2020-06-04T17:11:40.810+0800 [DEBUG] [org.gradle.launcher.daemon.server.DaemonStateCoordinator] Marking daemon stopped due to other compatible daemons were started and after being idle for 0 minutes and not recently used. The daemon is running a build: false
2020-06-04T17:11:40.811+0800 [DEBUG] [org.gradle.launcher.daemon.server.DaemonStateCoordinator] daemon has stopped.
2020-06-04T17:11:40.811+0800 [DEBUG] [org.gradle.launcher.daemon.server.Daemon] stop() called on daemon
2020-06-04T17:11:40.811+0800 [INFO] [org.gradle.launcher.daemon.server.Daemon] Stop requested. Daemon is removing its presence from the registry...
2020-06-04T17:11:40.812+0800 [DEBUG] [org.gradle.launcher.daemon.server.DaemonRegistryUpdater] Removing our presence to clients, eg. removing this address from the registry: [af8b22e0-367e-4b7d-82b5-bff7c8ef0c78 port:57717, addresses:[localhost/127.0.0.1]]
2020-06-04T17:11:40.815+0800 [DEBUG] [org.gradle.launcher.daemon.registry.PersistentDaemonRegistry] Removing daemon address: [af8b22e0-367e-4b7d-82b5-bff7c8ef0c78 port:57717, addresses:[localhost/127.0.0.1]]
2020-06-04T17:11:40.817+0800 [DEBUG] [org.gradle.cache.internal.DefaultFileLockManager] Waiting to acquire exclusive lock on daemon addresses registry.
2020-06-04T17:11:40.818+0800 [DEBUG] [org.gradle.cache.internal.DefaultFileLockManager] Lock acquired on daemon addresses registry.
2020-06-04T17:11:40.819+0800 [DEBUG] [org.gradle.cache.internal.DefaultFileLockManager] Releasing lock on daemon addresses registry.
2020-06-04T17:11:40.820+0800 [DEBUG] [org.gradle.launcher.daemon.server.DaemonRegistryUpdater] Address removed from registry.
2020-06-04T17:11:40.821+0800 [DEBUG] [org.gradle.cache.internal.DefaultPersistentDirectoryStore] jars (/Users/luoyongshun/dm/app/TabViewpagerFragment/caches/jars-3) has last been fully cleaned up 3 hours ago
2020-06-04T17:11:40.821+0800 [DEBUG] [org.gradle.cache.internal.DefaultCacheAccess] Cache jars (/Users/luoyongshun/dm/app/TabViewpagerFragment/caches/jars-3) was closed 0 times.
2020-06-04T17:11:40.851+0800 [DEBUG] [org.gradle.cache.internal.DefaultCacheAccess] Cache Generated Gradle JARs cache (/Users/luoyongshun/dm/app/TabViewpagerFragment/caches/6.1.1/generated-gradle-jars) was closed 0 times.
2020-06-04T17:11:40.851+0800 [DEBUG] [org.gradle.cache.internal.DefaultPersistentDirectoryStore] artifact cache (/Users/luoyongshun/dm/app/TabViewpagerFragment/caches/modules-2) has last been fully cleaned up 3 hours ago
2020-06-04T17:11:40.851+0800 [DEBUG] [org.gradle.cache.internal.DefaultCacheAccess] Cache artifact cache (/Users/luoyongshun/dm/app/TabViewpagerFragment/caches/modules-2) was closed 3 times.
2020-06-04T17:11:40.852+0800 [DEBUG] [org.gradle.cache.internal.DefaultPersistentDirectoryStore] Artifact transforms cache (/Users/luoyongshun/dm/app/TabViewpagerFragment/caches/transforms-2) has last been fully cleaned up 3 hours ago
2020-06-04T17:11:40.852+0800 [DEBUG] [org.gradle.cache.internal.DefaultCacheAccess] Cache Artifact transforms cache (/Users/luoyongshun/dm/app/TabViewpagerFragment/caches/transforms-2) was closed 0 times.
2020-06-04T17:11:40.852+0800 [DEBUG] [org.gradle.cache.internal.DefaultCacheAccess] Cache journal cache (/Users/luoyongshun/dm/app/TabViewpagerFragment/caches/journal-1) was closed 4 times.
2020-06-04T17:11:40.852+0800 [DEBUG] [org.gradle.cache.internal.DefaultCacheAccess] Cache file hash cache (/Users/luoyongshun/dm/app/TabViewpagerFragment/caches/6.1.1/fileHashes) was closed 4 times.
Daemon vm is shutting down... The daemon has exited normally or was terminated in response to a user interrupt.
2020-06-04T17:11:40.855+0800 [DEBUG] [org.gradle.launcher.daemon.registry.PersistentDaemonRegistry] Removing daemon address: [af8b22e0-367e-4b7d-82b5-bff7c8ef0c78 port:57717, addresses:[localhost/127.0.0.1]]
2020-06-04T17:11:40.855+0800 [DEBUG] [org.gradle.cache.internal.DefaultFileLockManager] Waiting to acquire exclusive lock on daemon addresses registry.
2020-06-04T17:11:40.855+0800 [DEBUG] [org.gradle.cache.internal.DefaultFileLockManager] Lock acquired on daemon addresses registry.
2020-06-04T17:11:40.856+0800 [DEBUG] [org.gradle.cache.internal.DefaultFileLockManager] Releasing lock on daemon addresses registry.
